# JRE version: Java(TM) SE Runtime Environment (17.0.12+8) (build 17.0.12+8-LTS-286)
# Java VM: Java HotSpot(TM) 64-Bit Server VM (17.0.12+8-LTS-286, mixed mode, sharing, tiered, compressed oops, compressed class ptrs, g1 gc, windows-amd64)
GC Precious Log:
 CPUs: 24 total, 24 available
 Memory: 32396M
 Large Page Support: Disabled
 NUMA Support: Disabled
 Compressed Oops: Enabled (Zero based)
 Heap Region Size: 4M
 Heap Min Capacity: 8M
 Heap Initial Capacity: 508M
 Heap Max Capacity: 8100M
 Pre-touch: Disabled
 Parallel Workers: 18
 Concurrent Workers: 5
 Concurrent Refinement Workers: 18
 Periodic GC: Disabled
Heap:
 garbage-first heap   total 753664K, used 255771K [0x0000000605c00000, 0x0000000800000000)
  region size 4096K, 21 young (86016K), 8 survivors (32768K)
 Metaspace       used 115555K, committed 116352K, reserved 1179648K
  class space    used 15160K, committed 15552K, reserved 1048576K
GC Heap History (20 events):
Event: 7.581 GC heap before
{Heap before GC invocations=35 (full 0):
 garbage-first heap   total 192512K, used 150860K [0x0000000605c00000, 0x0000000800000000)
  region size 4096K, 25 young (102400K), 3 survivors (12288K)
 Metaspace       used 88224K, committed 88896K, reserved 1179648K
  class space    used 12018K, committed 12352K, reserved 1048576K
}
Event: 7.594 GC heap after
{Heap after GC invocations=36 (full 0):
 garbage-first heap   total 200704K, used 93459K [0x0000000605c00000, 0x0000000800000000)
  region size 4096K, 4 young (16384K), 4 survivors (16384K)
 Metaspace       used 88224K, committed 88896K, reserved 1179648K
  class space    used 12018K, committed 12352K, reserved 1048576K
}
Event: 7.620 GC heap before
{Heap before GC invocations=36 (full 0):
 garbage-first heap   total 200704K, used 142611K [0x0000000605c00000, 0x0000000800000000)
  region size 4096K, 17 young (69632K), 4 survivors (16384K)
 Metaspace       used 88224K, committed 88896K, reserved 1179648K
  class space    used 12018K, committed 12352K, reserved 1048576K
}
Event: 7.628 GC heap after
{Heap after GC invocations=37 (full 0):
 garbage-first heap   total 348160K, used 99369K [0x0000000605c00000, 0x0000000800000000)
  region size 4096K, 2 young (8192K), 2 survivors (8192K)
 Metaspace       used 88224K, committed 88896K, reserved 1179648K
  class space    used 12018K, committed 12352K, reserved 1048576K
}
Event: 7.702 GC heap before
{Heap before GC invocations=37 (full 0):
 garbage-first heap   total 348160K, used 226345K [0x0000000605c00000, 0x0000000800000000)
  region size 4096K, 33 young (135168K), 2 survivors (8192K)
 Metaspace       used 88232K, committed 88896K, reserved 1179648K
  class space    used 12018K, committed 12352K, reserved 1048576K
}
Event: 7.712 GC heap after
{Heap after GC invocations=38 (full 0):
 garbage-first heap   total 348160K, used 120238K [0x0000000605c00000, 0x0000000800000000)
  region size 4096K, 5 young (20480K), 5 survivors (20480K)
 Metaspace       used 88232K, committed 88896K, reserved 1179648K
  class space    used 12018K, committed 12352K, reserved 1048576K
}
Event: 7.785 GC heap before
{Heap before GC invocations=38 (full 0):
 garbage-first heap   total 348160K, used 234926K [0x0000000605c00000, 0x0000000800000000)
  region size 4096K, 33 young (135168K), 5 survivors (20480K)
 Metaspace       used 88232K, committed 88896K, reserved 1179648K
  class space    used 12018K, committed 12352K, reserved 1048576K
}
Event: 7.805 GC heap after
{Heap after GC invocations=39 (full 0):
 garbage-first heap   total 348160K, used 163278K [0x0000000605c00000, 0x0000000800000000)
  region size 4096K, 5 young (20480K), 5 survivors (20480K)
 Metaspace       used 88232K, committed 88896K, reserved 1179648K
  class space    used 12018K, committed 12352K, reserved 1048576K
}
Event: 7.855 GC heap before
{Heap before GC invocations=39 (full 0):
 garbage-first heap   total 348160K, used 245198K [0x0000000605c00000, 0x0000000800000000)
  region size 4096K, 24 young (98304K), 5 survivors (20480K)
 Metaspace       used 88232K, committed 88896K, reserved 1179648K
  class space    used 12018K, committed 12352K, reserved 1048576K
}
Event: 7.867 GC heap after
{Heap after GC invocations=40 (full 0):
 garbage-first heap   total 348160K, used 184853K [0x0000000605c00000, 0x0000000800000000)
  region size 4096K, 3 young (12288K), 3 survivors (12288K)
 Metaspace       used 88232K, committed 88896K, reserved 1179648K
  class space    used 12018K, committed 12352K, reserved 1048576K
}
Event: 7.913 GC heap before
{Heap before GC invocations=40 (full 0):
 garbage-first heap   total 348160K, used 254485K [0x0000000605c00000, 0x0000000800000000)
  region size 4096K, 20 young (81920K), 3 survivors (12288K)
 Metaspace       used 88356K, committed 89024K, reserved 1179648K
  class space    used 12035K, committed 12352K, reserved 1048576K
}
Event: 7.921 GC heap after
{Heap after GC invocations=41 (full 0):
 garbage-first heap   total 827392K, used 192550K [0x0000000605c00000, 0x0000000800000000)
  region size 4096K, 2 young (8192K), 2 survivors (8192K)
 Metaspace       used 88356K, committed 89024K, reserved 1179648K
  class space    used 12035K, committed 12352K, reserved 1048576K
}
Event: 8.203 GC heap before
{Heap before GC invocations=42 (full 0):
 garbage-first heap   total 753664K, used 466982K [0x0000000605c00000, 0x0000000800000000)
  region size 4096K, 75 young (307200K), 2 survivors (8192K)
 Metaspace       used 88774K, committed 89408K, reserved 1179648K
  class space    used 12058K, committed 12352K, reserved 1048576K
}
Event: 8.208 GC heap after
{Heap after GC invocations=43 (full 0):
 garbage-first heap   total 753664K, used 174193K [0x0000000605c00000, 0x0000000800000000)
  region size 4096K, 3 young (12288K), 3 survivors (12288K)
 Metaspace       used 88774K, committed 89408K, reserved 1179648K
  class space    used 12058K, committed 12352K, reserved 1048576K
}
Event: 8.221 GC heap before
{Heap before GC invocations=43 (full 0):
 garbage-first heap   total 753664K, used 194673K [0x0000000605c00000, 0x0000000800000000)
  region size 4096K, 9 young (36864K), 3 survivors (12288K)
 Metaspace       used 88774K, committed 89408K, reserved 1179648K
  class space    used 12058K, committed 12352K, reserved 1048576K
}
Event: 8.226 GC heap after
{Heap after GC invocations=44 (full 0):
 garbage-first heap   total 753664K, used 174452K [0x0000000605c00000, 0x0000000800000000)
  region size 4096K, 2 young (8192K), 2 survivors (8192K)
 Metaspace       used 88774K, committed 89408K, reserved 1179648K
  class space    used 12058K, committed 12352K, reserved 1048576K
}
Event: 11.082 GC heap before
{Heap before GC invocations=44 (full 0):
 garbage-first heap   total 753664K, used 575860K [0x0000000605c00000, 0x0000000800000000)
  region size 4096K, 100 young (409600K), 2 survivors (8192K)
 Metaspace       used 105899K, committed 106560K, reserved 1179648K
  class space    used 14265K, committed 14592K, reserved 1048576K
}
Event: 11.093 GC heap after
{Heap after GC invocations=45 (full 0):
 garbage-first heap   total 753664K, used 201070K [0x0000000605c00000, 0x0000000800000000)
  region size 4096K, 9 young (36864K), 9 survivors (36864K)
 Metaspace       used 105899K, committed 106560K, reserved 1179648K
  class space    used 14265K, committed 14592K, reserved 1048576K
}
Event: 295.684 GC heap before
{Heap before GC invocations=45 (full 0):
 garbage-first heap   total 753664K, used 573806K [0x0000000605c00000, 0x0000000800000000)
  region size 4096K, 100 young (409600K), 9 survivors (36864K)
 Metaspace       used 115417K, committed 116224K, reserved 1179648K
  class space    used 15158K, committed 15552K, reserved 1048576K
}
Event: 295.695 GC heap after
{Heap after GC invocations=46 (full 0):
 garbage-first heap   total 753664K, used 206619K [0x0000000605c00000, 0x0000000800000000)
  region size 4096K, 8 young (32768K), 8 survivors (32768K)
 Metaspace       used 115417K, committed 116224K, reserved 1179648K
  class space    used 15158K, committed 15552K, reserved 1048576K
}

